C:\Program Files (x86)\MSBuild\Microsoft.Cpp\v4.0\V140\Microsoft.CppBuild.targets(392,5): warning MSB8028: The intermediate directory (Release\) contains files shared from another project (Practica1.vcxproj).  This can lead to incorrect clean and rebuild behavior.
  Camara.cpp
c:\users\drecuenco\desktop\practica1\Camara.h(46): warning C4244: 'initializing': conversion from 'int' to 'GLfloat', possible loss of data
c:\users\drecuenco\desktop\practica1\Camara.h(47): warning C4244: 'initializing': conversion from 'int' to 'GLfloat', possible loss of data
Camara.cpp(59): warning C4244: '=': conversion from 'double' to 'GLfloat', possible loss of data
Camara.cpp(60): warning C4244: '=': conversion from 'double' to 'GLfloat', possible loss of data
Camara.cpp(64): warning C4244: 'initializing': conversion from 'double' to 'GLfloat', possible loss of data
Camara.cpp(65): warning C4244: 'initializing': conversion from 'double' to 'GLfloat', possible loss of data
Camara.cpp(66): warning C4244: '=': conversion from 'double' to 'GLfloat', possible loss of data
Camara.cpp(67): warning C4244: '=': conversion from 'double' to 'GLfloat', possible loss of data
  Light.cpp
  material.cpp
  Mesh.cpp
Mesh.cpp(52): warning C4244: 'argument': conversion from 'GLuint' to 'GLfloat', possible loss of data
  Model.cpp
  Object.cpp
  Shader.cpp
  main.cpp
c:\users\drecuenco\desktop\practica1\src\../Camara.h(46): warning C4244: 'initializing': conversion from 'int' to 'GLfloat', possible loss of data
c:\users\drecuenco\desktop\practica1\src\../Camara.h(47): warning C4244: 'initializing': conversion from 'int' to 'GLfloat', possible loss of data
src\main.cpp(202): warning C4244: 'initializing': conversion from 'double' to 'GLfloat', possible loss of data
libSOIL.lib(SOIL.obj) : warning LNK4075: ignoring '/EDITANDCONTINUE' due to '/OPT:ICF' specification
LINK : warning LNK4098: defaultlib 'MSVCRTD' conflicts with use of other libs; use /NODEFAULTLIB:library
LINK : warning LNK4098: defaultlib 'LIBCMT' conflicts with use of other libs; use /NODEFAULTLIB:library
  Generating code
  All 817 functions were compiled because no usable IPDB/IOBJ from previous compilation was found.
  Finished generating code
Mesh.obj : warning LNK4049: locally defined symbol ___glewGenBuffers imported
Mesh.obj : warning LNK4049: locally defined symbol ___glewGenVertexArrays imported
Mesh.obj : warning LNK4049: locally defined symbol ___glewActiveTexture imported
Mesh.obj : warning LNK4049: locally defined symbol ___glewBufferData imported
Mesh.obj : warning LNK4049: locally defined symbol ___glewGetUniformLocation imported
Mesh.obj : warning LNK4049: locally defined symbol ___glewUniform1f imported
Mesh.obj : warning LNK4049: locally defined symbol ___glewBindBuffer imported
Mesh.obj : warning LNK4049: locally defined symbol ___glewVertexAttribPointer imported
Mesh.obj : warning LNK4049: locally defined symbol ___glewBindVertexArray imported
Mesh.obj : warning LNK4049: locally defined symbol ___glewEnableVertexAttribArray imported
Model.obj : warning LNK4049: locally defined symbol ___glewGenerateMipmap imported
Object.obj : warning LNK4049: locally defined symbol ___glewDeleteBuffers imported
Object.obj : warning LNK4049: locally defined symbol ___glewDeleteVertexArrays imported
Shader.obj : warning LNK4049: locally defined symbol ___glewLinkProgram imported
Shader.obj : warning LNK4049: locally defined symbol ___glewDeleteShader imported
Shader.obj : warning LNK4049: locally defined symbol ___glewGetProgramInfoLog imported
Shader.obj : warning LNK4049: locally defined symbol ___glewShaderSource imported
Shader.obj : warning LNK4049: locally defined symbol ___glewAttachShader imported
Shader.obj : warning LNK4049: locally defined symbol ___glewGetProgramiv imported
Shader.obj : warning LNK4049: locally defined symbol ___glewGetShaderInfoLog imported
Shader.obj : warning LNK4049: locally defined symbol ___glewCreateProgram imported
Shader.obj : warning LNK4049: locally defined symbol ___glewCreateShader imported
Shader.obj : warning LNK4049: locally defined symbol ___glewCompileShader imported
Shader.obj : warning LNK4049: locally defined symbol ___glewGetShaderiv imported
Shader.obj : warning LNK4049: locally defined symbol ___glewUseProgram imported
libSOIL.lib(image_DXT.obj) : warning LNK4099: PDB 'SOIL.pdb' was not found with 'libSOIL.lib(image_DXT.obj)' or at 'C:\Users\drecuenco\Desktop\Practica1\Release\SOIL.pdb'; linking object as if no debug info
libSOIL.lib(image_helper.obj) : warning LNK4099: PDB 'SOIL.pdb' was not found with 'libSOIL.lib(image_helper.obj)' or at 'C:\Users\drecuenco\Desktop\Practica1\Release\SOIL.pdb'; linking object as if no debug info
libSOIL.lib(SOIL.obj) : warning LNK4099: PDB 'SOIL.pdb' was not found with 'libSOIL.lib(SOIL.obj)' or at 'C:\Users\drecuenco\Desktop\Practica1\Release\SOIL.pdb'; linking object as if no debug info
libSOIL.lib(stb_image_aug.obj) : warning LNK4099: PDB 'SOIL.pdb' was not found with 'libSOIL.lib(stb_image_aug.obj)' or at 'C:\Users\drecuenco\Desktop\Practica1\Release\SOIL.pdb'; linking object as if no debug info
glew32s.lib(glew.obj) : warning LNK4099: PDB 'vc120.pdb' was not found with 'glew32s.lib(glew.obj)' or at 'C:\Users\drecuenco\Desktop\Practica1\Release\vc120.pdb'; linking object as if no debug info
  Proyecto.vcxproj -> C:\Users\drecuenco\Desktop\Practica1\Release\StencilTesting.exe
  Proyecto.vcxproj -> C:\Users\drecuenco\Desktop\Practica1\Release\StencilTesting.pdb (Full PDB)
